<?xml version="1.0" encoding="UTF-8"?>
<!-- Generated by org.testng.reporters.JUnitReportReporter -->
<testsuite skipped="0" hostname="Maddy" name="tests.homepage" tests="2" failures="0" timestamp="2020-02-05T18:02:41 IST" time="40.823" errors="0">
  <testcase name="home" time="22.763" classname="tests.homepage"/>
  <testcase name="home" time="18.060" classname="tests.homepage"/>
</testsuite> <!-- tests.homepage -->
