<?xml version="1.0" encoding="UTF-8"?>
<!-- Generated by org.testng.reporters.JUnitReportReporter -->
<testsuite skipped="0" hostname="Maddy" name="tests.validateTitle" tests="1" failures="0" timestamp="2020-02-05T18:02:41 IST" time="29.228" errors="0">
  <testcase name="home" time="29.228" classname="tests.validateTitle"/>
</testsuite> <!-- tests.validateTitle -->
