<?xml version="1.0" encoding="UTF-8"?>
<!-- Generated by org.testng.reporters.JUnitReportReporter -->
<testsuite skipped="0" hostname="Maddy" name="tests.homepage" tests="2" failures="0" timestamp="2020-02-05T18:24:03 IST" time="34.553" errors="0">
  <testcase name="home" time="16.763" classname="tests.homepage"/>
  <testcase name="home" time="17.790" classname="tests.homepage"/>
</testsuite> <!-- tests.homepage -->
