<?xml version="1.0" encoding="UTF-8"?>
<!-- Generated by org.testng.reporters.JUnitReportReporter -->
<testsuite skipped="0" hostname="Maddy" name="tests.validateTitle" tests="1" failures="0" timestamp="2020-02-05T18:24:03 IST" time="7.362" errors="0">
  <testcase name="home" time="7.362" classname="tests.validateTitle"/>
</testsuite> <!-- tests.validateTitle -->
